<?xml version="1.0" encoding="UTF-8"?>
<!-- Generated by org.testng.reporters.JUnitReportReporter -->
<testsuite hostname="INLEN8520080652" failures="0" tests="1" name="file.TopMenutest" time="29.351" errors="0" timestamp="2023-03-03T17:57:29 IST" skipped="0">
  <testcase classname="file.TopMenutest" name="verification" time="29.351"/>
  <system-out/>
</testsuite> <!-- file.TopMenutest -->
