<?xml version="1.0" encoding="UTF-8"?>
<!-- Generated by org.testng.reporters.JUnitReportReporter -->
<testsuite hostname="INLEN8520080652" failures="0" tests="5" name="file.Topmenutestng" time="121.366" errors="0" timestamp="2023-03-03T21:38:26 IST" skipped="0">
  <testcase classname="file.Topmenutestng" name="BankingPartners" time="44.230"/>
  <system-out/>
  <testcase classname="file.Topmenutestng" name="RedeemPoints" time="43.256"/>
  <system-out/>
  <testcase classname="file.Topmenutestng" name="Coupons" time="21.758"/>
  <system-out/>
  <testcase classname="file.Topmenutestng" name="Offers" time="5.945"/>
  <system-out/>
  <testcase classname="file.Topmenutestng" name="Customercare" time="6.177"/>
  <system-out/>
</testsuite> <!-- file.Topmenutestng -->
